ARM GAS  /tmp/ccNIoqb2.s 			page 1


   1              		.cpu cortex-m4
   2              		.eabi_attribute 27, 1
   3              		.eabi_attribute 28, 1
   4              		.eabi_attribute 20, 1
   5              		.eabi_attribute 21, 1
   6              		.eabi_attribute 23, 3
   7              		.eabi_attribute 24, 1
   8              		.eabi_attribute 25, 1
   9              		.eabi_attribute 26, 1
  10              		.eabi_attribute 30, 1
  11              		.eabi_attribute 34, 1
  12              		.eabi_attribute 18, 4
  13              		.file	"stm32g4xx_it.c"
  14              		.text
  15              	.Ltext0:
  16              		.cfi_sections	.debug_frame
  17              		.section	.text.NMI_Handler,"ax",%progbits
  18              		.align	1
  19              		.global	NMI_Handler
  20              		.arch armv7e-m
  21              		.syntax unified
  22              		.thumb
  23              		.thumb_func
  24              		.fpu fpv4-sp-d16
  26              	NMI_Handler:
  27              	.LFB246:
  28              		.file 1 "Src/stm32g4xx_it.c"
   1:Src/stm32g4xx_it.c **** /* USER CODE BEGIN Header */
   2:Src/stm32g4xx_it.c **** /**
   3:Src/stm32g4xx_it.c ****   ******************************************************************************
   4:Src/stm32g4xx_it.c ****   * @file    stm32g4xx_it.c
   5:Src/stm32g4xx_it.c ****   * @brief   Interrupt Service Routines.
   6:Src/stm32g4xx_it.c ****   ******************************************************************************
   7:Src/stm32g4xx_it.c ****   * @attention
   8:Src/stm32g4xx_it.c ****   *
   9:Src/stm32g4xx_it.c ****   * <h2><center>&copy; Copyright (c) 2021 STMicroelectronics.
  10:Src/stm32g4xx_it.c ****   * All rights reserved.</center></h2>
  11:Src/stm32g4xx_it.c ****   *
  12:Src/stm32g4xx_it.c ****   * This software component is licensed by ST under BSD 3-Clause license,
  13:Src/stm32g4xx_it.c ****   * the "License"; You may not use this file except in compliance with the
  14:Src/stm32g4xx_it.c ****   * License. You may obtain a copy of the License at:
  15:Src/stm32g4xx_it.c ****   *                        opensource.org/licenses/BSD-3-Clause
  16:Src/stm32g4xx_it.c ****   *
  17:Src/stm32g4xx_it.c ****   ******************************************************************************
  18:Src/stm32g4xx_it.c ****   */
  19:Src/stm32g4xx_it.c **** /* USER CODE END Header */
  20:Src/stm32g4xx_it.c **** 
  21:Src/stm32g4xx_it.c **** /* Includes ------------------------------------------------------------------*/
  22:Src/stm32g4xx_it.c **** #include "main.h"
  23:Src/stm32g4xx_it.c **** #include "stm32g4xx_it.h"
  24:Src/stm32g4xx_it.c **** /* Private includes ----------------------------------------------------------*/
  25:Src/stm32g4xx_it.c **** /* USER CODE BEGIN Includes */
  26:Src/stm32g4xx_it.c **** /* USER CODE END Includes */
  27:Src/stm32g4xx_it.c **** 
  28:Src/stm32g4xx_it.c **** /* Private typedef -----------------------------------------------------------*/
  29:Src/stm32g4xx_it.c **** /* USER CODE BEGIN TD */
  30:Src/stm32g4xx_it.c **** 
ARM GAS  /tmp/ccNIoqb2.s 			page 2


  31:Src/stm32g4xx_it.c **** /* USER CODE END TD */
  32:Src/stm32g4xx_it.c **** 
  33:Src/stm32g4xx_it.c **** /* Private define ------------------------------------------------------------*/
  34:Src/stm32g4xx_it.c **** /* USER CODE BEGIN PD */
  35:Src/stm32g4xx_it.c **** 
  36:Src/stm32g4xx_it.c **** /* USER CODE END PD */
  37:Src/stm32g4xx_it.c **** 
  38:Src/stm32g4xx_it.c **** /* Private macro -------------------------------------------------------------*/
  39:Src/stm32g4xx_it.c **** /* USER CODE BEGIN PM */
  40:Src/stm32g4xx_it.c **** 
  41:Src/stm32g4xx_it.c **** /* USER CODE END PM */
  42:Src/stm32g4xx_it.c **** 
  43:Src/stm32g4xx_it.c **** /* Private variables ---------------------------------------------------------*/
  44:Src/stm32g4xx_it.c **** /* USER CODE BEGIN PV */
  45:Src/stm32g4xx_it.c **** 
  46:Src/stm32g4xx_it.c **** /* USER CODE END PV */
  47:Src/stm32g4xx_it.c **** 
  48:Src/stm32g4xx_it.c **** /* Private function prototypes -----------------------------------------------*/
  49:Src/stm32g4xx_it.c **** /* USER CODE BEGIN PFP */
  50:Src/stm32g4xx_it.c **** 
  51:Src/stm32g4xx_it.c **** /* USER CODE END PFP */
  52:Src/stm32g4xx_it.c **** 
  53:Src/stm32g4xx_it.c **** /* Private user code ---------------------------------------------------------*/
  54:Src/stm32g4xx_it.c **** /* USER CODE BEGIN 0 */
  55:Src/stm32g4xx_it.c **** 
  56:Src/stm32g4xx_it.c **** /* USER CODE END 0 */
  57:Src/stm32g4xx_it.c **** 
  58:Src/stm32g4xx_it.c **** /* External variables --------------------------------------------------------*/
  59:Src/stm32g4xx_it.c **** extern COMP_HandleTypeDef hcomp1;
  60:Src/stm32g4xx_it.c **** extern DMA_HandleTypeDef hdma_hrtim1_a;
  61:Src/stm32g4xx_it.c **** extern PCD_HandleTypeDef hpcd_USB_FS;
  62:Src/stm32g4xx_it.c **** 
  63:Src/stm32g4xx_it.c **** /* USER CODE BEGIN EV */
  64:Src/stm32g4xx_it.c **** 
  65:Src/stm32g4xx_it.c **** /* USER CODE END EV */
  66:Src/stm32g4xx_it.c **** 
  67:Src/stm32g4xx_it.c **** /******************************************************************************/
  68:Src/stm32g4xx_it.c **** /*           Cortex-M4 Processor Interruption and Exception Handlers          */
  69:Src/stm32g4xx_it.c **** /******************************************************************************/
  70:Src/stm32g4xx_it.c **** /**
  71:Src/stm32g4xx_it.c ****   * @brief This function handles Non maskable interrupt.
  72:Src/stm32g4xx_it.c ****   */
  73:Src/stm32g4xx_it.c **** void NMI_Handler(void)
  74:Src/stm32g4xx_it.c **** {
  29              		.loc 1 74 1 view -0
  30              		.cfi_startproc
  31              		@ args = 0, pretend = 0, frame = 0
  32              		@ frame_needed = 0, uses_anonymous_args = 0
  33              		@ link register save eliminated.
  75:Src/stm32g4xx_it.c ****   /* USER CODE BEGIN NonMaskableInt_IRQn 0 */
  76:Src/stm32g4xx_it.c **** 
  77:Src/stm32g4xx_it.c ****   /* USER CODE END NonMaskableInt_IRQn 0 */
  78:Src/stm32g4xx_it.c ****   /* USER CODE BEGIN NonMaskableInt_IRQn 1 */
  79:Src/stm32g4xx_it.c **** 
  80:Src/stm32g4xx_it.c ****   /* USER CODE END NonMaskableInt_IRQn 1 */
  81:Src/stm32g4xx_it.c **** }
  34              		.loc 1 81 1 view .LVU1
ARM GAS  /tmp/ccNIoqb2.s 			page 3


  35 0000 7047     		bx	lr
  36              		.cfi_endproc
  37              	.LFE246:
  39              		.section	.text.HardFault_Handler,"ax",%progbits
  40              		.align	1
  41              		.global	HardFault_Handler
  42              		.syntax unified
  43              		.thumb
  44              		.thumb_func
  45              		.fpu fpv4-sp-d16
  47              	HardFault_Handler:
  48              	.LFB247:
  82:Src/stm32g4xx_it.c **** 
  83:Src/stm32g4xx_it.c **** /**
  84:Src/stm32g4xx_it.c ****   * @brief This function handles Hard fault interrupt.
  85:Src/stm32g4xx_it.c ****   */
  86:Src/stm32g4xx_it.c **** void HardFault_Handler(void)
  87:Src/stm32g4xx_it.c **** {
  49              		.loc 1 87 1 view -0
  50              		.cfi_startproc
  51              		@ Volatile: function does not return.
  52              		@ args = 0, pretend = 0, frame = 0
  53              		@ frame_needed = 0, uses_anonymous_args = 0
  54              		@ link register save eliminated.
  55              	.L3:
  88:Src/stm32g4xx_it.c ****   /* USER CODE BEGIN HardFault_IRQn 0 */
  89:Src/stm32g4xx_it.c **** 
  90:Src/stm32g4xx_it.c ****   /* USER CODE END HardFault_IRQn 0 */
  91:Src/stm32g4xx_it.c ****   while (1)
  56              		.loc 1 91 3 discriminator 1 view .LVU3
  92:Src/stm32g4xx_it.c ****   {
  93:Src/stm32g4xx_it.c ****     /* USER CODE BEGIN W1_HardFault_IRQn 0 */
  94:Src/stm32g4xx_it.c ****     /* USER CODE END W1_HardFault_IRQn 0 */
  95:Src/stm32g4xx_it.c ****   }
  57              		.loc 1 95 3 discriminator 1 view .LVU4
  91:Src/stm32g4xx_it.c ****   {
  58              		.loc 1 91 9 discriminator 1 view .LVU5
  59 0000 FEE7     		b	.L3
  60              		.cfi_endproc
  61              	.LFE247:
  63              		.section	.text.MemManage_Handler,"ax",%progbits
  64              		.align	1
  65              		.global	MemManage_Handler
  66              		.syntax unified
  67              		.thumb
  68              		.thumb_func
  69              		.fpu fpv4-sp-d16
  71              	MemManage_Handler:
  72              	.LFB248:
  96:Src/stm32g4xx_it.c **** }
  97:Src/stm32g4xx_it.c **** 
  98:Src/stm32g4xx_it.c **** /**
  99:Src/stm32g4xx_it.c ****   * @brief This function handles Memory management fault.
 100:Src/stm32g4xx_it.c ****   */
 101:Src/stm32g4xx_it.c **** void MemManage_Handler(void)
 102:Src/stm32g4xx_it.c **** {
  73              		.loc 1 102 1 view -0
ARM GAS  /tmp/ccNIoqb2.s 			page 4


  74              		.cfi_startproc
  75              		@ Volatile: function does not return.
  76              		@ args = 0, pretend = 0, frame = 0
  77              		@ frame_needed = 0, uses_anonymous_args = 0
  78              		@ link register save eliminated.
  79              	.L5:
 103:Src/stm32g4xx_it.c ****   /* USER CODE BEGIN MemoryManagement_IRQn 0 */
 104:Src/stm32g4xx_it.c **** 
 105:Src/stm32g4xx_it.c ****   /* USER CODE END MemoryManagement_IRQn 0 */
 106:Src/stm32g4xx_it.c ****   while (1)
  80              		.loc 1 106 3 discriminator 1 view .LVU7
 107:Src/stm32g4xx_it.c ****   {
 108:Src/stm32g4xx_it.c ****     /* USER CODE BEGIN W1_MemoryManagement_IRQn 0 */
 109:Src/stm32g4xx_it.c ****     /* USER CODE END W1_MemoryManagement_IRQn 0 */
 110:Src/stm32g4xx_it.c ****   }
  81              		.loc 1 110 3 discriminator 1 view .LVU8
 106:Src/stm32g4xx_it.c ****   {
  82              		.loc 1 106 9 discriminator 1 view .LVU9
  83 0000 FEE7     		b	.L5
  84              		.cfi_endproc
  85              	.LFE248:
  87              		.section	.text.BusFault_Handler,"ax",%progbits
  88              		.align	1
  89              		.global	BusFault_Handler
  90              		.syntax unified
  91              		.thumb
  92              		.thumb_func
  93              		.fpu fpv4-sp-d16
  95              	BusFault_Handler:
  96              	.LFB249:
 111:Src/stm32g4xx_it.c **** }
 112:Src/stm32g4xx_it.c **** 
 113:Src/stm32g4xx_it.c **** /**
 114:Src/stm32g4xx_it.c ****   * @brief This function handles Prefetch fault, memory access fault.
 115:Src/stm32g4xx_it.c ****   */
 116:Src/stm32g4xx_it.c **** void BusFault_Handler(void)
 117:Src/stm32g4xx_it.c **** {
  97              		.loc 1 117 1 view -0
  98              		.cfi_startproc
  99              		@ Volatile: function does not return.
 100              		@ args = 0, pretend = 0, frame = 0
 101              		@ frame_needed = 0, uses_anonymous_args = 0
 102              		@ link register save eliminated.
 103              	.L7:
 118:Src/stm32g4xx_it.c ****   /* USER CODE BEGIN BusFault_IRQn 0 */
 119:Src/stm32g4xx_it.c **** 
 120:Src/stm32g4xx_it.c ****   /* USER CODE END BusFault_IRQn 0 */
 121:Src/stm32g4xx_it.c ****   while (1)
 104              		.loc 1 121 3 discriminator 1 view .LVU11
 122:Src/stm32g4xx_it.c ****   {
 123:Src/stm32g4xx_it.c ****     /* USER CODE BEGIN W1_BusFault_IRQn 0 */
 124:Src/stm32g4xx_it.c ****     /* USER CODE END W1_BusFault_IRQn 0 */
 125:Src/stm32g4xx_it.c ****   }
 105              		.loc 1 125 3 discriminator 1 view .LVU12
 121:Src/stm32g4xx_it.c ****   {
 106              		.loc 1 121 9 discriminator 1 view .LVU13
 107 0000 FEE7     		b	.L7
ARM GAS  /tmp/ccNIoqb2.s 			page 5


 108              		.cfi_endproc
 109              	.LFE249:
 111              		.section	.text.UsageFault_Handler,"ax",%progbits
 112              		.align	1
 113              		.global	UsageFault_Handler
 114              		.syntax unified
 115              		.thumb
 116              		.thumb_func
 117              		.fpu fpv4-sp-d16
 119              	UsageFault_Handler:
 120              	.LFB250:
 126:Src/stm32g4xx_it.c **** }
 127:Src/stm32g4xx_it.c **** 
 128:Src/stm32g4xx_it.c **** /**
 129:Src/stm32g4xx_it.c ****   * @brief This function handles Undefined instruction or illegal state.
 130:Src/stm32g4xx_it.c ****   */
 131:Src/stm32g4xx_it.c **** void UsageFault_Handler(void)
 132:Src/stm32g4xx_it.c **** {
 121              		.loc 1 132 1 view -0
 122              		.cfi_startproc
 123              		@ Volatile: function does not return.
 124              		@ args = 0, pretend = 0, frame = 0
 125              		@ frame_needed = 0, uses_anonymous_args = 0
 126              		@ link register save eliminated.
 127              	.L9:
 133:Src/stm32g4xx_it.c ****   /* USER CODE BEGIN UsageFault_IRQn 0 */
 134:Src/stm32g4xx_it.c **** 
 135:Src/stm32g4xx_it.c ****   /* USER CODE END UsageFault_IRQn 0 */
 136:Src/stm32g4xx_it.c ****   while (1)
 128              		.loc 1 136 3 discriminator 1 view .LVU15
 137:Src/stm32g4xx_it.c ****   {
 138:Src/stm32g4xx_it.c ****     /* USER CODE BEGIN W1_UsageFault_IRQn 0 */
 139:Src/stm32g4xx_it.c ****     /* USER CODE END W1_UsageFault_IRQn 0 */
 140:Src/stm32g4xx_it.c ****   }
 129              		.loc 1 140 3 discriminator 1 view .LVU16
 136:Src/stm32g4xx_it.c ****   {
 130              		.loc 1 136 9 discriminator 1 view .LVU17
 131 0000 FEE7     		b	.L9
 132              		.cfi_endproc
 133              	.LFE250:
 135              		.section	.text.SVC_Handler,"ax",%progbits
 136              		.align	1
 137              		.global	SVC_Handler
 138              		.syntax unified
 139              		.thumb
 140              		.thumb_func
 141              		.fpu fpv4-sp-d16
 143              	SVC_Handler:
 144              	.LFB251:
 141:Src/stm32g4xx_it.c **** }
 142:Src/stm32g4xx_it.c **** 
 143:Src/stm32g4xx_it.c **** /**
 144:Src/stm32g4xx_it.c ****   * @brief This function handles System service call via SWI instruction.
 145:Src/stm32g4xx_it.c ****   */
 146:Src/stm32g4xx_it.c **** void SVC_Handler(void)
 147:Src/stm32g4xx_it.c **** {
 145              		.loc 1 147 1 view -0
ARM GAS  /tmp/ccNIoqb2.s 			page 6


 146              		.cfi_startproc
 147              		@ args = 0, pretend = 0, frame = 0
 148              		@ frame_needed = 0, uses_anonymous_args = 0
 149              		@ link register save eliminated.
 148:Src/stm32g4xx_it.c ****   /* USER CODE BEGIN SVCall_IRQn 0 */
 149:Src/stm32g4xx_it.c **** 
 150:Src/stm32g4xx_it.c ****   /* USER CODE END SVCall_IRQn 0 */
 151:Src/stm32g4xx_it.c ****   /* USER CODE BEGIN SVCall_IRQn 1 */
 152:Src/stm32g4xx_it.c **** 
 153:Src/stm32g4xx_it.c ****   /* USER CODE END SVCall_IRQn 1 */
 154:Src/stm32g4xx_it.c **** }
 150              		.loc 1 154 1 view .LVU19
 151 0000 7047     		bx	lr
 152              		.cfi_endproc
 153              	.LFE251:
 155              		.section	.text.DebugMon_Handler,"ax",%progbits
 156              		.align	1
 157              		.global	DebugMon_Handler
 158              		.syntax unified
 159              		.thumb
 160              		.thumb_func
 161              		.fpu fpv4-sp-d16
 163              	DebugMon_Handler:
 164              	.LFB252:
 155:Src/stm32g4xx_it.c **** 
 156:Src/stm32g4xx_it.c **** /**
 157:Src/stm32g4xx_it.c ****   * @brief This function handles Debug monitor.
 158:Src/stm32g4xx_it.c ****   */
 159:Src/stm32g4xx_it.c **** void DebugMon_Handler(void)
 160:Src/stm32g4xx_it.c **** {
 165              		.loc 1 160 1 view -0
 166              		.cfi_startproc
 167              		@ args = 0, pretend = 0, frame = 0
 168              		@ frame_needed = 0, uses_anonymous_args = 0
 169              		@ link register save eliminated.
 161:Src/stm32g4xx_it.c ****   /* USER CODE BEGIN DebugMonitor_IRQn 0 */
 162:Src/stm32g4xx_it.c **** 
 163:Src/stm32g4xx_it.c ****   /* USER CODE END DebugMonitor_IRQn 0 */
 164:Src/stm32g4xx_it.c ****   /* USER CODE BEGIN DebugMonitor_IRQn 1 */
 165:Src/stm32g4xx_it.c **** 
 166:Src/stm32g4xx_it.c ****   /* USER CODE END DebugMonitor_IRQn 1 */
 167:Src/stm32g4xx_it.c **** }
 170              		.loc 1 167 1 view .LVU21
 171 0000 7047     		bx	lr
 172              		.cfi_endproc
 173              	.LFE252:
 175              		.section	.text.PendSV_Handler,"ax",%progbits
 176              		.align	1
 177              		.global	PendSV_Handler
 178              		.syntax unified
 179              		.thumb
 180              		.thumb_func
 181              		.fpu fpv4-sp-d16
 183              	PendSV_Handler:
 184              	.LFB253:
 168:Src/stm32g4xx_it.c **** 
 169:Src/stm32g4xx_it.c **** /**
ARM GAS  /tmp/ccNIoqb2.s 			page 7


 170:Src/stm32g4xx_it.c ****   * @brief This function handles Pendable request for system service.
 171:Src/stm32g4xx_it.c ****   */
 172:Src/stm32g4xx_it.c **** void PendSV_Handler(void)
 173:Src/stm32g4xx_it.c **** {
 185              		.loc 1 173 1 view -0
 186              		.cfi_startproc
 187              		@ args = 0, pretend = 0, frame = 0
 188              		@ frame_needed = 0, uses_anonymous_args = 0
 189              		@ link register save eliminated.
 174:Src/stm32g4xx_it.c ****   /* USER CODE BEGIN PendSV_IRQn 0 */
 175:Src/stm32g4xx_it.c **** 
 176:Src/stm32g4xx_it.c ****   /* USER CODE END PendSV_IRQn 0 */
 177:Src/stm32g4xx_it.c ****   /* USER CODE BEGIN PendSV_IRQn 1 */
 178:Src/stm32g4xx_it.c **** 
 179:Src/stm32g4xx_it.c ****   /* USER CODE END PendSV_IRQn 1 */
 180:Src/stm32g4xx_it.c **** }
 190              		.loc 1 180 1 view .LVU23
 191 0000 7047     		bx	lr
 192              		.cfi_endproc
 193              	.LFE253:
 195              		.section	.text.SysTick_Handler,"ax",%progbits
 196              		.align	1
 197              		.global	SysTick_Handler
 198              		.syntax unified
 199              		.thumb
 200              		.thumb_func
 201              		.fpu fpv4-sp-d16
 203              	SysTick_Handler:
 204              	.LFB254:
 181:Src/stm32g4xx_it.c **** 
 182:Src/stm32g4xx_it.c **** /**
 183:Src/stm32g4xx_it.c ****   * @brief This function handles System tick timer.
 184:Src/stm32g4xx_it.c ****   */
 185:Src/stm32g4xx_it.c **** void SysTick_Handler(void)
 186:Src/stm32g4xx_it.c **** {
 205              		.loc 1 186 1 view -0
 206              		.cfi_startproc
 207              		@ args = 0, pretend = 0, frame = 0
 208              		@ frame_needed = 0, uses_anonymous_args = 0
 209 0000 08B5     		push	{r3, lr}
 210              	.LCFI0:
 211              		.cfi_def_cfa_offset 8
 212              		.cfi_offset 3, -8
 213              		.cfi_offset 14, -4
 187:Src/stm32g4xx_it.c ****   /* USER CODE BEGIN SysTick_IRQn 0 */
 188:Src/stm32g4xx_it.c **** 
 189:Src/stm32g4xx_it.c ****   /* USER CODE END SysTick_IRQn 0 */
 190:Src/stm32g4xx_it.c ****   HAL_IncTick();
 214              		.loc 1 190 3 view .LVU25
 215 0002 FFF7FEFF 		bl	HAL_IncTick
 216              	.LVL0:
 191:Src/stm32g4xx_it.c ****   /* USER CODE BEGIN SysTick_IRQn 1 */
 192:Src/stm32g4xx_it.c **** 
 193:Src/stm32g4xx_it.c ****   /* USER CODE END SysTick_IRQn 1 */
 194:Src/stm32g4xx_it.c **** }
 217              		.loc 1 194 1 is_stmt 0 view .LVU26
 218 0006 08BD     		pop	{r3, pc}
ARM GAS  /tmp/ccNIoqb2.s 			page 8


 219              		.cfi_endproc
 220              	.LFE254:
 222              		.section	.text.USB_LP_IRQHandler,"ax",%progbits
 223              		.align	1
 224              		.global	USB_LP_IRQHandler
 225              		.syntax unified
 226              		.thumb
 227              		.thumb_func
 228              		.fpu fpv4-sp-d16
 230              	USB_LP_IRQHandler:
 231              	.LFB255:
 195:Src/stm32g4xx_it.c **** 
 196:Src/stm32g4xx_it.c **** /******************************************************************************/
 197:Src/stm32g4xx_it.c **** /* STM32G4xx Peripheral Interrupt Handlers                                    */
 198:Src/stm32g4xx_it.c **** /* Add here the Interrupt Handlers for the used peripherals.                  */
 199:Src/stm32g4xx_it.c **** /* For the available peripheral interrupt handler names,                      */
 200:Src/stm32g4xx_it.c **** /* please refer to the startup file (startup_stm32g4xx.s).                    */
 201:Src/stm32g4xx_it.c **** /******************************************************************************/
 202:Src/stm32g4xx_it.c **** /**
 203:Src/stm32g4xx_it.c ****   * @brief This function handles USB low priority interrupt remap.
 204:Src/stm32g4xx_it.c ****   */
 205:Src/stm32g4xx_it.c **** void USB_LP_IRQHandler(void)
 206:Src/stm32g4xx_it.c **** {
 232              		.loc 1 206 1 is_stmt 1 view -0
 233              		.cfi_startproc
 234              		@ args = 0, pretend = 0, frame = 0
 235              		@ frame_needed = 0, uses_anonymous_args = 0
 236 0000 08B5     		push	{r3, lr}
 237              	.LCFI1:
 238              		.cfi_def_cfa_offset 8
 239              		.cfi_offset 3, -8
 240              		.cfi_offset 14, -4
 207:Src/stm32g4xx_it.c ****   /* USER CODE BEGIN USB_LP_IRQn 0 */
 208:Src/stm32g4xx_it.c **** 
 209:Src/stm32g4xx_it.c ****   /* USER CODE END USB_LP_IRQn 0 */
 210:Src/stm32g4xx_it.c ****   HAL_PCD_IRQHandler(&hpcd_USB_FS);
 241              		.loc 1 210 3 view .LVU28
 242 0002 0248     		ldr	r0, .L17
 243 0004 FFF7FEFF 		bl	HAL_PCD_IRQHandler
 244              	.LVL1:
 211:Src/stm32g4xx_it.c ****   /* USER CODE BEGIN USB_LP_IRQn 1 */
 212:Src/stm32g4xx_it.c **** 
 213:Src/stm32g4xx_it.c ****   /* USER CODE END USB_LP_IRQn 1 */
 214:Src/stm32g4xx_it.c **** }
 245              		.loc 1 214 1 is_stmt 0 view .LVU29
 246 0008 08BD     		pop	{r3, pc}
 247              	.L18:
 248 000a 00BF     		.align	2
 249              	.L17:
 250 000c 00000000 		.word	hpcd_USB_FS
 251              		.cfi_endproc
 252              	.LFE255:
 254              		.section	.text.DMA1_Channel1_IRQHandler,"ax",%progbits
 255              		.align	1
 256              		.global	DMA1_Channel1_IRQHandler
 257              		.syntax unified
 258              		.thumb
ARM GAS  /tmp/ccNIoqb2.s 			page 9


 259              		.thumb_func
 260              		.fpu fpv4-sp-d16
 262              	DMA1_Channel1_IRQHandler:
 263              	.LFB256:
 215:Src/stm32g4xx_it.c **** 
 216:Src/stm32g4xx_it.c **** /**
 217:Src/stm32g4xx_it.c ****   * @brief This function handles DMA1 channel1 global interrupt.
 218:Src/stm32g4xx_it.c ****   */
 219:Src/stm32g4xx_it.c **** void DMA1_Channel1_IRQHandler(void)
 220:Src/stm32g4xx_it.c **** {
 264              		.loc 1 220 1 is_stmt 1 view -0
 265              		.cfi_startproc
 266              		@ args = 0, pretend = 0, frame = 0
 267              		@ frame_needed = 0, uses_anonymous_args = 0
 268 0000 08B5     		push	{r3, lr}
 269              	.LCFI2:
 270              		.cfi_def_cfa_offset 8
 271              		.cfi_offset 3, -8
 272              		.cfi_offset 14, -4
 221:Src/stm32g4xx_it.c ****   /* USER CODE BEGIN DMA1_Channel1_IRQn 0 */
 222:Src/stm32g4xx_it.c **** 
 223:Src/stm32g4xx_it.c ****   /* USER CODE END DMA1_Channel1_IRQn 0 */
 224:Src/stm32g4xx_it.c ****   HAL_DMA_IRQHandler(&hdma_hrtim1_a);
 273              		.loc 1 224 3 view .LVU31
 274 0002 0248     		ldr	r0, .L21
 275 0004 FFF7FEFF 		bl	HAL_DMA_IRQHandler
 276              	.LVL2:
 225:Src/stm32g4xx_it.c ****   /* USER CODE BEGIN DMA1_Channel1_IRQn 1 */
 226:Src/stm32g4xx_it.c **** 
 227:Src/stm32g4xx_it.c ****   /* USER CODE END DMA1_Channel1_IRQn 1 */
 228:Src/stm32g4xx_it.c **** }
 277              		.loc 1 228 1 is_stmt 0 view .LVU32
 278 0008 08BD     		pop	{r3, pc}
 279              	.L22:
 280 000a 00BF     		.align	2
 281              	.L21:
 282 000c 00000000 		.word	hdma_hrtim1_a
 283              		.cfi_endproc
 284              	.LFE256:
 286              		.section	.text.COMP1_2_3_IRQHandler,"ax",%progbits
 287              		.align	1
 288              		.global	COMP1_2_3_IRQHandler
 289              		.syntax unified
 290              		.thumb
 291              		.thumb_func
 292              		.fpu fpv4-sp-d16
 294              	COMP1_2_3_IRQHandler:
 295              	.LFB257:
 229:Src/stm32g4xx_it.c **** 
 230:Src/stm32g4xx_it.c **** /**
 231:Src/stm32g4xx_it.c ****   * @brief This function handles COMP1, COMP2 and COMP3 interrupts through EXTI lines 21, 22 and 29
 232:Src/stm32g4xx_it.c ****   */
 233:Src/stm32g4xx_it.c **** void COMP1_2_3_IRQHandler(void)
 234:Src/stm32g4xx_it.c **** {
 296              		.loc 1 234 1 is_stmt 1 view -0
 297              		.cfi_startproc
 298              		@ args = 0, pretend = 0, frame = 0
ARM GAS  /tmp/ccNIoqb2.s 			page 10


 299              		@ frame_needed = 0, uses_anonymous_args = 0
 300 0000 08B5     		push	{r3, lr}
 301              	.LCFI3:
 302              		.cfi_def_cfa_offset 8
 303              		.cfi_offset 3, -8
 304              		.cfi_offset 14, -4
 235:Src/stm32g4xx_it.c ****   /* USER CODE BEGIN COMP1_2_3_IRQn 0 */
 236:Src/stm32g4xx_it.c **** 
 237:Src/stm32g4xx_it.c ****   /* USER CODE END COMP1_2_3_IRQn 0 */
 238:Src/stm32g4xx_it.c ****   HAL_COMP_IRQHandler(&hcomp1);
 305              		.loc 1 238 3 view .LVU34
 306 0002 0248     		ldr	r0, .L25
 307 0004 FFF7FEFF 		bl	HAL_COMP_IRQHandler
 308              	.LVL3:
 239:Src/stm32g4xx_it.c ****   /* USER CODE BEGIN COMP1_2_3_IRQn 1 */
 240:Src/stm32g4xx_it.c **** 
 241:Src/stm32g4xx_it.c ****   /* USER CODE END COMP1_2_3_IRQn 1 */
 242:Src/stm32g4xx_it.c **** }
 309              		.loc 1 242 1 is_stmt 0 view .LVU35
 310 0008 08BD     		pop	{r3, pc}
 311              	.L26:
 312 000a 00BF     		.align	2
 313              	.L25:
 314 000c 00000000 		.word	hcomp1
 315              		.cfi_endproc
 316              	.LFE257:
 318              		.text
 319              	.Letext0:
 320              		.file 2 "/usr/lib/gcc/arm-none-eabi/9.2.1/include/stdint.h"
 321              		.file 3 "Drivers/CMSIS/Include/core_cm4.h"
 322              		.file 4 "Drivers/CMSIS/Device/ST/STM32G4xx/Include/system_stm32g4xx.h"
 323              		.file 5 "Drivers/CMSIS/Device/ST/STM32G4xx/Include/stm32g474xx.h"
 324              		.file 6 "Drivers/STM32G4xx_HAL_Driver/Inc/stm32g4xx_hal_def.h"
 325              		.file 7 "Drivers/STM32G4xx_HAL_Driver/Inc/stm32g4xx_hal_dma.h"
 326              		.file 8 "Drivers/STM32G4xx_HAL_Driver/Inc/stm32g4xx_hal_comp.h"
 327              		.file 9 "Drivers/STM32G4xx_HAL_Driver/Inc/stm32g4xx_hal_flash.h"
 328              		.file 10 "Drivers/STM32G4xx_HAL_Driver/Inc/stm32g4xx_ll_usb.h"
 329              		.file 11 "Drivers/STM32G4xx_HAL_Driver/Inc/stm32g4xx_hal_pcd.h"
 330              		.file 12 "Drivers/STM32G4xx_HAL_Driver/Inc/stm32g4xx_hal.h"
 331              		.file 13 "/usr/lib/gcc/arm-none-eabi/9.2.1/include/stddef.h"
 332              		.file 14 "/usr/include/newlib/sys/_types.h"
 333              		.file 15 "/usr/include/newlib/sys/reent.h"
 334              		.file 16 "/usr/include/newlib/sys/lock.h"
 335              		.file 17 "/usr/include/newlib/stdlib.h"
 336              		.file 18 "Middlewares/ST/STM32_USB_Device_Library/Core/Inc/usbd_def.h"
 337              		.file 19 "Middlewares/ST/STM32_USB_Device_Library/Class/CDC/Inc/usbd_cdc.h"
 338              		.file 20 "USB_Device/App/usbd_cdc_if.h"
ARM GAS  /tmp/ccNIoqb2.s 			page 11


DEFINED SYMBOLS
                            *ABS*:0000000000000000 stm32g4xx_it.c
     /tmp/ccNIoqb2.s:18     .text.NMI_Handler:0000000000000000 $t
     /tmp/ccNIoqb2.s:26     .text.NMI_Handler:0000000000000000 NMI_Handler
     /tmp/ccNIoqb2.s:40     .text.HardFault_Handler:0000000000000000 $t
     /tmp/ccNIoqb2.s:47     .text.HardFault_Handler:0000000000000000 HardFault_Handler
     /tmp/ccNIoqb2.s:64     .text.MemManage_Handler:0000000000000000 $t
     /tmp/ccNIoqb2.s:71     .text.MemManage_Handler:0000000000000000 MemManage_Handler
     /tmp/ccNIoqb2.s:88     .text.BusFault_Handler:0000000000000000 $t
     /tmp/ccNIoqb2.s:95     .text.BusFault_Handler:0000000000000000 BusFault_Handler
     /tmp/ccNIoqb2.s:112    .text.UsageFault_Handler:0000000000000000 $t
     /tmp/ccNIoqb2.s:119    .text.UsageFault_Handler:0000000000000000 UsageFault_Handler
     /tmp/ccNIoqb2.s:136    .text.SVC_Handler:0000000000000000 $t
     /tmp/ccNIoqb2.s:143    .text.SVC_Handler:0000000000000000 SVC_Handler
     /tmp/ccNIoqb2.s:156    .text.DebugMon_Handler:0000000000000000 $t
     /tmp/ccNIoqb2.s:163    .text.DebugMon_Handler:0000000000000000 DebugMon_Handler
     /tmp/ccNIoqb2.s:176    .text.PendSV_Handler:0000000000000000 $t
     /tmp/ccNIoqb2.s:183    .text.PendSV_Handler:0000000000000000 PendSV_Handler
     /tmp/ccNIoqb2.s:196    .text.SysTick_Handler:0000000000000000 $t
     /tmp/ccNIoqb2.s:203    .text.SysTick_Handler:0000000000000000 SysTick_Handler
     /tmp/ccNIoqb2.s:223    .text.USB_LP_IRQHandler:0000000000000000 $t
     /tmp/ccNIoqb2.s:230    .text.USB_LP_IRQHandler:0000000000000000 USB_LP_IRQHandler
     /tmp/ccNIoqb2.s:250    .text.USB_LP_IRQHandler:000000000000000c $d
     /tmp/ccNIoqb2.s:255    .text.DMA1_Channel1_IRQHandler:0000000000000000 $t
     /tmp/ccNIoqb2.s:262    .text.DMA1_Channel1_IRQHandler:0000000000000000 DMA1_Channel1_IRQHandler
     /tmp/ccNIoqb2.s:282    .text.DMA1_Channel1_IRQHandler:000000000000000c $d
     /tmp/ccNIoqb2.s:287    .text.COMP1_2_3_IRQHandler:0000000000000000 $t
     /tmp/ccNIoqb2.s:294    .text.COMP1_2_3_IRQHandler:0000000000000000 COMP1_2_3_IRQHandler
     /tmp/ccNIoqb2.s:314    .text.COMP1_2_3_IRQHandler:000000000000000c $d

UNDEFINED SYMBOLS
HAL_IncTick
HAL_PCD_IRQHandler
hpcd_USB_FS
HAL_DMA_IRQHandler
hdma_hrtim1_a
HAL_COMP_IRQHandler
hcomp1
