ARM GAS  /tmp/ccm0Auo0.s 			page 1


   1              		.cpu cortex-m4
   2              		.eabi_attribute 27, 1
   3              		.eabi_attribute 28, 1
   4              		.eabi_attribute 20, 1
   5              		.eabi_attribute 21, 1
   6              		.eabi_attribute 23, 3
   7              		.eabi_attribute 24, 1
   8              		.eabi_attribute 25, 1
   9              		.eabi_attribute 26, 1
  10              		.eabi_attribute 30, 1
  11              		.eabi_attribute 34, 1
  12              		.eabi_attribute 18, 4
  13              		.file	"system_stm32g4xx.c"
  14              		.text
  15              	.Ltext0:
  16              		.cfi_sections	.debug_frame
  17              		.section	.text.SystemInit,"ax",%progbits
  18              		.align	1
  19              		.global	SystemInit
  20              		.arch armv7e-m
  21              		.syntax unified
  22              		.thumb
  23              		.thumb_func
  24              		.fpu fpv4-sp-d16
  26              	SystemInit:
  27              	.LFB162:
  28              		.file 1 "Src/system_stm32g4xx.c"
   1:Src/system_stm32g4xx.c **** /**
   2:Src/system_stm32g4xx.c ****   ******************************************************************************
   3:Src/system_stm32g4xx.c ****   * @file    system_stm32g4xx.c
   4:Src/system_stm32g4xx.c ****   * @author  MCD Application Team
   5:Src/system_stm32g4xx.c ****   * @brief   CMSIS Cortex-M4 Device Peripheral Access Layer System Source File
   6:Src/system_stm32g4xx.c ****   *
   7:Src/system_stm32g4xx.c ****   *   This file provides two functions and one global variable to be called from
   8:Src/system_stm32g4xx.c ****   *   user application:
   9:Src/system_stm32g4xx.c ****   *      - SystemInit(): This function is called at startup just after reset and
  10:Src/system_stm32g4xx.c ****   *                      before branch to main program. This call is made inside
  11:Src/system_stm32g4xx.c ****   *                      the "startup_stm32g4xx.s" file.
  12:Src/system_stm32g4xx.c ****   *
  13:Src/system_stm32g4xx.c ****   *      - SystemCoreClock variable: Contains the core clock (HCLK), it can be used
  14:Src/system_stm32g4xx.c ****   *                                  by the user application to setup the SysTick
  15:Src/system_stm32g4xx.c ****   *                                  timer or configure other parameters.
  16:Src/system_stm32g4xx.c ****   *
  17:Src/system_stm32g4xx.c ****   *      - SystemCoreClockUpdate(): Updates the variable SystemCoreClock and must
  18:Src/system_stm32g4xx.c ****   *                                 be called whenever the core clock is changed
  19:Src/system_stm32g4xx.c ****   *                                 during program execution.
  20:Src/system_stm32g4xx.c ****   *
  21:Src/system_stm32g4xx.c ****   *   After each device reset the HSI (16 MHz) is used as system clock source.
  22:Src/system_stm32g4xx.c ****   *   Then SystemInit() function is called, in "startup_stm32g4xx.s" file, to
  23:Src/system_stm32g4xx.c ****   *   configure the system clock before to branch to main program.
  24:Src/system_stm32g4xx.c ****   *
  25:Src/system_stm32g4xx.c ****   *   This file configures the system clock as follows:
  26:Src/system_stm32g4xx.c ****   *=============================================================================
  27:Src/system_stm32g4xx.c ****   *-----------------------------------------------------------------------------
  28:Src/system_stm32g4xx.c ****   *        System Clock source                    | HSI
  29:Src/system_stm32g4xx.c ****   *-----------------------------------------------------------------------------
  30:Src/system_stm32g4xx.c ****   *        SYSCLK(Hz)                             | 16000000
ARM GAS  /tmp/ccm0Auo0.s 			page 2


  31:Src/system_stm32g4xx.c ****   *-----------------------------------------------------------------------------
  32:Src/system_stm32g4xx.c ****   *        HCLK(Hz)                               | 16000000
  33:Src/system_stm32g4xx.c ****   *-----------------------------------------------------------------------------
  34:Src/system_stm32g4xx.c ****   *        AHB Prescaler                          | 1
  35:Src/system_stm32g4xx.c ****   *-----------------------------------------------------------------------------
  36:Src/system_stm32g4xx.c ****   *        APB1 Prescaler                         | 1
  37:Src/system_stm32g4xx.c ****   *-----------------------------------------------------------------------------
  38:Src/system_stm32g4xx.c ****   *        APB2 Prescaler                         | 1
  39:Src/system_stm32g4xx.c ****   *-----------------------------------------------------------------------------
  40:Src/system_stm32g4xx.c ****   *        PLL_M                                  | 1
  41:Src/system_stm32g4xx.c ****   *-----------------------------------------------------------------------------
  42:Src/system_stm32g4xx.c ****   *        PLL_N                                  | 16
  43:Src/system_stm32g4xx.c ****   *-----------------------------------------------------------------------------
  44:Src/system_stm32g4xx.c ****   *        PLL_P                                  | 7
  45:Src/system_stm32g4xx.c ****   *-----------------------------------------------------------------------------
  46:Src/system_stm32g4xx.c ****   *        PLL_Q                                  | 2
  47:Src/system_stm32g4xx.c ****   *-----------------------------------------------------------------------------
  48:Src/system_stm32g4xx.c ****   *        PLL_R                                  | 2
  49:Src/system_stm32g4xx.c ****   *-----------------------------------------------------------------------------
  50:Src/system_stm32g4xx.c ****   *        Require 48MHz for RNG                  | Disabled
  51:Src/system_stm32g4xx.c ****   *-----------------------------------------------------------------------------
  52:Src/system_stm32g4xx.c ****   *=============================================================================
  53:Src/system_stm32g4xx.c ****   ******************************************************************************
  54:Src/system_stm32g4xx.c ****   * @attention
  55:Src/system_stm32g4xx.c ****   *
  56:Src/system_stm32g4xx.c ****   * <h2><center>&copy; Copyright (c) 2019 STMicroelectronics.
  57:Src/system_stm32g4xx.c ****   * All rights reserved.</center></h2>
  58:Src/system_stm32g4xx.c ****   *
  59:Src/system_stm32g4xx.c ****   * This software component is licensed by ST under BSD 3-Clause license,
  60:Src/system_stm32g4xx.c ****   * the "License"; You may not use this file except in compliance with the
  61:Src/system_stm32g4xx.c ****   * License. You may obtain a copy of the License at:
  62:Src/system_stm32g4xx.c ****   *                        opensource.org/licenses/BSD-3-Clause
  63:Src/system_stm32g4xx.c ****   *
  64:Src/system_stm32g4xx.c ****   ******************************************************************************
  65:Src/system_stm32g4xx.c ****   */
  66:Src/system_stm32g4xx.c **** 
  67:Src/system_stm32g4xx.c **** /** @addtogroup CMSIS
  68:Src/system_stm32g4xx.c ****   * @{
  69:Src/system_stm32g4xx.c ****   */
  70:Src/system_stm32g4xx.c **** 
  71:Src/system_stm32g4xx.c **** /** @addtogroup stm32g4xx_system
  72:Src/system_stm32g4xx.c ****   * @{
  73:Src/system_stm32g4xx.c ****   */
  74:Src/system_stm32g4xx.c **** 
  75:Src/system_stm32g4xx.c **** /** @addtogroup STM32G4xx_System_Private_Includes
  76:Src/system_stm32g4xx.c ****   * @{
  77:Src/system_stm32g4xx.c ****   */
  78:Src/system_stm32g4xx.c **** 
  79:Src/system_stm32g4xx.c **** #include "stm32g4xx.h"
  80:Src/system_stm32g4xx.c **** 
  81:Src/system_stm32g4xx.c **** #if !defined  (HSE_VALUE)
  82:Src/system_stm32g4xx.c ****   #define HSE_VALUE     8000000U /*!< Value of the External oscillator in Hz */
  83:Src/system_stm32g4xx.c **** #endif /* HSE_VALUE */
  84:Src/system_stm32g4xx.c **** 
  85:Src/system_stm32g4xx.c **** #if !defined  (HSI_VALUE)
  86:Src/system_stm32g4xx.c ****   #define HSI_VALUE    16000000U /*!< Value of the Internal oscillator in Hz*/
  87:Src/system_stm32g4xx.c **** #endif /* HSI_VALUE */
ARM GAS  /tmp/ccm0Auo0.s 			page 3


  88:Src/system_stm32g4xx.c **** 
  89:Src/system_stm32g4xx.c **** /**
  90:Src/system_stm32g4xx.c ****   * @}
  91:Src/system_stm32g4xx.c ****   */
  92:Src/system_stm32g4xx.c **** 
  93:Src/system_stm32g4xx.c **** /** @addtogroup STM32G4xx_System_Private_TypesDefinitions
  94:Src/system_stm32g4xx.c ****   * @{
  95:Src/system_stm32g4xx.c ****   */
  96:Src/system_stm32g4xx.c **** 
  97:Src/system_stm32g4xx.c **** /**
  98:Src/system_stm32g4xx.c ****   * @}
  99:Src/system_stm32g4xx.c ****   */
 100:Src/system_stm32g4xx.c **** 
 101:Src/system_stm32g4xx.c **** /** @addtogroup STM32G4xx_System_Private_Defines
 102:Src/system_stm32g4xx.c ****   * @{
 103:Src/system_stm32g4xx.c ****   */
 104:Src/system_stm32g4xx.c **** 
 105:Src/system_stm32g4xx.c **** /************************* Miscellaneous Configuration ************************/
 106:Src/system_stm32g4xx.c **** /*!< Uncomment the following line if you need to relocate your vector Table in
 107:Src/system_stm32g4xx.c ****      Internal SRAM. */
 108:Src/system_stm32g4xx.c **** /* #define VECT_TAB_SRAM */
 109:Src/system_stm32g4xx.c **** #define VECT_TAB_OFFSET  0x00UL /*!< Vector Table base offset field.
 110:Src/system_stm32g4xx.c ****                                    This value must be a multiple of 0x200. */
 111:Src/system_stm32g4xx.c **** /******************************************************************************/
 112:Src/system_stm32g4xx.c **** /**
 113:Src/system_stm32g4xx.c ****   * @}
 114:Src/system_stm32g4xx.c ****   */
 115:Src/system_stm32g4xx.c **** 
 116:Src/system_stm32g4xx.c **** /** @addtogroup STM32G4xx_System_Private_Macros
 117:Src/system_stm32g4xx.c ****   * @{
 118:Src/system_stm32g4xx.c ****   */
 119:Src/system_stm32g4xx.c **** 
 120:Src/system_stm32g4xx.c **** /**
 121:Src/system_stm32g4xx.c ****   * @}
 122:Src/system_stm32g4xx.c ****   */
 123:Src/system_stm32g4xx.c **** 
 124:Src/system_stm32g4xx.c **** /** @addtogroup STM32G4xx_System_Private_Variables
 125:Src/system_stm32g4xx.c ****   * @{
 126:Src/system_stm32g4xx.c ****   */
 127:Src/system_stm32g4xx.c ****   /* The SystemCoreClock variable is updated in three ways:
 128:Src/system_stm32g4xx.c ****       1) by calling CMSIS function SystemCoreClockUpdate()
 129:Src/system_stm32g4xx.c ****       2) by calling HAL API function HAL_RCC_GetHCLKFreq()
 130:Src/system_stm32g4xx.c ****       3) each time HAL_RCC_ClockConfig() is called to configure the system clock frequency
 131:Src/system_stm32g4xx.c ****          Note: If you use this function to configure the system clock; then there
 132:Src/system_stm32g4xx.c ****                is no need to call the 2 first functions listed above, since SystemCoreClock
 133:Src/system_stm32g4xx.c ****                variable is updated automatically.
 134:Src/system_stm32g4xx.c ****   */
 135:Src/system_stm32g4xx.c ****   uint32_t SystemCoreClock = HSI_VALUE;
 136:Src/system_stm32g4xx.c **** 
 137:Src/system_stm32g4xx.c ****   const uint8_t AHBPrescTable[16] = {0U, 0U, 0U, 0U, 0U, 0U, 0U, 0U, 1U, 2U, 3U, 4U, 6U, 7U, 8U, 9U
 138:Src/system_stm32g4xx.c ****   const uint8_t APBPrescTable[8] =  {0U, 0U, 0U, 0U, 1U, 2U, 3U, 4U};
 139:Src/system_stm32g4xx.c **** 
 140:Src/system_stm32g4xx.c **** /**
 141:Src/system_stm32g4xx.c ****   * @}
 142:Src/system_stm32g4xx.c ****   */
 143:Src/system_stm32g4xx.c **** 
 144:Src/system_stm32g4xx.c **** /** @addtogroup STM32G4xx_System_Private_FunctionPrototypes
ARM GAS  /tmp/ccm0Auo0.s 			page 4


 145:Src/system_stm32g4xx.c ****   * @{
 146:Src/system_stm32g4xx.c ****   */
 147:Src/system_stm32g4xx.c **** 
 148:Src/system_stm32g4xx.c **** /**
 149:Src/system_stm32g4xx.c ****   * @}
 150:Src/system_stm32g4xx.c ****   */
 151:Src/system_stm32g4xx.c **** 
 152:Src/system_stm32g4xx.c **** /** @addtogroup STM32G4xx_System_Private_Functions
 153:Src/system_stm32g4xx.c ****   * @{
 154:Src/system_stm32g4xx.c ****   */
 155:Src/system_stm32g4xx.c **** 
 156:Src/system_stm32g4xx.c **** /**
 157:Src/system_stm32g4xx.c ****   * @brief  Setup the microcontroller system.
 158:Src/system_stm32g4xx.c ****   * @param  None
 159:Src/system_stm32g4xx.c ****   * @retval None
 160:Src/system_stm32g4xx.c ****   */
 161:Src/system_stm32g4xx.c **** 
 162:Src/system_stm32g4xx.c **** void SystemInit(void)
 163:Src/system_stm32g4xx.c **** {
  29              		.loc 1 163 1 view -0
  30              		.cfi_startproc
  31              		@ args = 0, pretend = 0, frame = 0
  32              		@ frame_needed = 0, uses_anonymous_args = 0
  33              		@ link register save eliminated.
 164:Src/system_stm32g4xx.c ****   /* FPU settings ------------------------------------------------------------*/
 165:Src/system_stm32g4xx.c ****   #if (__FPU_PRESENT == 1) && (__FPU_USED == 1)
 166:Src/system_stm32g4xx.c ****     SCB->CPACR |= ((3UL << (10*2))|(3UL << (11*2)));  /* set CP10 and CP11 Full Access */
  34              		.loc 1 166 5 view .LVU1
  35              		.loc 1 166 16 is_stmt 0 view .LVU2
  36 0000 054B     		ldr	r3, .L2
  37 0002 D3F88820 		ldr	r2, [r3, #136]
  38 0006 42F47002 		orr	r2, r2, #15728640
  39 000a C3F88820 		str	r2, [r3, #136]
 167:Src/system_stm32g4xx.c ****   #endif
 168:Src/system_stm32g4xx.c **** 
 169:Src/system_stm32g4xx.c ****   /* Configure the Vector Table location add offset address ------------------*/
 170:Src/system_stm32g4xx.c **** #ifdef VECT_TAB_SRAM
 171:Src/system_stm32g4xx.c ****   SCB->VTOR = SRAM_BASE | VECT_TAB_OFFSET; /* Vector Table Relocation in Internal SRAM */
 172:Src/system_stm32g4xx.c **** #else
 173:Src/system_stm32g4xx.c ****   SCB->VTOR = FLASH_BASE | VECT_TAB_OFFSET; /* Vector Table Relocation in Internal FLASH */
  40              		.loc 1 173 3 is_stmt 1 view .LVU3
  41              		.loc 1 173 13 is_stmt 0 view .LVU4
  42 000e 4FF00062 		mov	r2, #134217728
  43 0012 9A60     		str	r2, [r3, #8]
 174:Src/system_stm32g4xx.c **** #endif
 175:Src/system_stm32g4xx.c **** }
  44              		.loc 1 175 1 view .LVU5
  45 0014 7047     		bx	lr
  46              	.L3:
  47 0016 00BF     		.align	2
  48              	.L2:
  49 0018 00ED00E0 		.word	-536810240
  50              		.cfi_endproc
  51              	.LFE162:
  53              		.section	.text.SystemCoreClockUpdate,"ax",%progbits
  54              		.align	1
  55              		.global	SystemCoreClockUpdate
ARM GAS  /tmp/ccm0Auo0.s 			page 5


  56              		.syntax unified
  57              		.thumb
  58              		.thumb_func
  59              		.fpu fpv4-sp-d16
  61              	SystemCoreClockUpdate:
  62              	.LFB163:
 176:Src/system_stm32g4xx.c **** 
 177:Src/system_stm32g4xx.c **** /**
 178:Src/system_stm32g4xx.c ****   * @brief  Update SystemCoreClock variable according to Clock Register Values.
 179:Src/system_stm32g4xx.c ****   *         The SystemCoreClock variable contains the core clock (HCLK), it can
 180:Src/system_stm32g4xx.c ****   *         be used by the user application to setup the SysTick timer or configure
 181:Src/system_stm32g4xx.c ****   *         other parameters.
 182:Src/system_stm32g4xx.c ****   *
 183:Src/system_stm32g4xx.c ****   * @note   Each time the core clock (HCLK) changes, this function must be called
 184:Src/system_stm32g4xx.c ****   *         to update SystemCoreClock variable value. Otherwise, any configuration
 185:Src/system_stm32g4xx.c ****   *         based on this variable will be incorrect.
 186:Src/system_stm32g4xx.c ****   *
 187:Src/system_stm32g4xx.c ****   * @note   - The system frequency computed by this function is not the real
 188:Src/system_stm32g4xx.c ****   *           frequency in the chip. It is calculated based on the predefined
 189:Src/system_stm32g4xx.c ****   *           constant and the selected clock source:
 190:Src/system_stm32g4xx.c ****   *
 191:Src/system_stm32g4xx.c ****   *           - If SYSCLK source is HSI, SystemCoreClock will contain the HSI_VALUE(**)
 192:Src/system_stm32g4xx.c ****   *
 193:Src/system_stm32g4xx.c ****   *           - If SYSCLK source is HSE, SystemCoreClock will contain the HSE_VALUE(***)
 194:Src/system_stm32g4xx.c ****   *
 195:Src/system_stm32g4xx.c ****   *           - If SYSCLK source is PLL, SystemCoreClock will contain the HSE_VALUE(***)
 196:Src/system_stm32g4xx.c ****   *             or HSI_VALUE(*) multiplied/divided by the PLL factors.
 197:Src/system_stm32g4xx.c ****   *
 198:Src/system_stm32g4xx.c ****   *         (**) HSI_VALUE is a constant defined in stm32g4xx_hal.h file (default value
 199:Src/system_stm32g4xx.c ****   *              16 MHz) but the real value may vary depending on the variations
 200:Src/system_stm32g4xx.c ****   *              in voltage and temperature.
 201:Src/system_stm32g4xx.c ****   *
 202:Src/system_stm32g4xx.c ****   *         (***) HSE_VALUE is a constant defined in stm32g4xx_hal.h file (default value
 203:Src/system_stm32g4xx.c ****   *              8 MHz), user has to ensure that HSE_VALUE is same as the real
 204:Src/system_stm32g4xx.c ****   *              frequency of the crystal used. Otherwise, this function may
 205:Src/system_stm32g4xx.c ****   *              have wrong result.
 206:Src/system_stm32g4xx.c ****   *
 207:Src/system_stm32g4xx.c ****   *         - The result of this function could be not correct when using fractional
 208:Src/system_stm32g4xx.c ****   *           value for HSE crystal.
 209:Src/system_stm32g4xx.c ****   *
 210:Src/system_stm32g4xx.c ****   * @param  None
 211:Src/system_stm32g4xx.c ****   * @retval None
 212:Src/system_stm32g4xx.c ****   */
 213:Src/system_stm32g4xx.c **** void SystemCoreClockUpdate(void)
 214:Src/system_stm32g4xx.c **** {
  63              		.loc 1 214 1 is_stmt 1 view -0
  64              		.cfi_startproc
  65              		@ args = 0, pretend = 0, frame = 0
  66              		@ frame_needed = 0, uses_anonymous_args = 0
  67              		@ link register save eliminated.
 215:Src/system_stm32g4xx.c ****   uint32_t tmp, pllvco, pllr, pllsource, pllm;
  68              		.loc 1 215 3 view .LVU7
 216:Src/system_stm32g4xx.c **** 
 217:Src/system_stm32g4xx.c ****   /* Get SYSCLK source -------------------------------------------------------*/
 218:Src/system_stm32g4xx.c ****   switch (RCC->CFGR & RCC_CFGR_SWS)
  69              		.loc 1 218 3 view .LVU8
  70              		.loc 1 218 14 is_stmt 0 view .LVU9
ARM GAS  /tmp/ccm0Auo0.s 			page 6


  71 0000 1E4B     		ldr	r3, .L12
  72 0002 9B68     		ldr	r3, [r3, #8]
  73              		.loc 1 218 21 view .LVU10
  74 0004 03F00C03 		and	r3, r3, #12
  75              		.loc 1 218 3 view .LVU11
  76 0008 082B     		cmp	r3, #8
  77 000a 12D0     		beq	.L5
  78 000c 0C2B     		cmp	r3, #12
  79 000e 14D0     		beq	.L6
  80 0010 042B     		cmp	r3, #4
  81 0012 0AD0     		beq	.L10
  82              	.L7:
 219:Src/system_stm32g4xx.c ****   {
 220:Src/system_stm32g4xx.c ****     case 0x04:  /* HSI used as system clock source */
 221:Src/system_stm32g4xx.c ****       SystemCoreClock = HSI_VALUE;
 222:Src/system_stm32g4xx.c ****       break;
 223:Src/system_stm32g4xx.c **** 
 224:Src/system_stm32g4xx.c ****     case 0x08:  /* HSE used as system clock source */
 225:Src/system_stm32g4xx.c ****       SystemCoreClock = HSE_VALUE;
 226:Src/system_stm32g4xx.c ****       break;
 227:Src/system_stm32g4xx.c **** 
 228:Src/system_stm32g4xx.c ****     case 0x0C:  /* PLL used as system clock  source */
 229:Src/system_stm32g4xx.c ****       /* PLL_VCO = (HSE_VALUE or HSI_VALUE / PLLM) * PLLN
 230:Src/system_stm32g4xx.c ****          SYSCLK = PLL_VCO / PLLR
 231:Src/system_stm32g4xx.c ****          */
 232:Src/system_stm32g4xx.c ****       pllsource = (RCC->PLLCFGR & RCC_PLLCFGR_PLLSRC);
 233:Src/system_stm32g4xx.c ****       pllm = ((RCC->PLLCFGR & RCC_PLLCFGR_PLLM) >> 4) + 1U ;
 234:Src/system_stm32g4xx.c ****       if (pllsource == 0x02UL) /* HSI used as PLL clock source */
 235:Src/system_stm32g4xx.c ****       {
 236:Src/system_stm32g4xx.c ****         pllvco = (HSI_VALUE / pllm);
 237:Src/system_stm32g4xx.c ****       }
 238:Src/system_stm32g4xx.c ****       else                   /* HSE used as PLL clock source */
 239:Src/system_stm32g4xx.c ****       {
 240:Src/system_stm32g4xx.c ****         pllvco = (HSE_VALUE / pllm);
 241:Src/system_stm32g4xx.c ****       }
 242:Src/system_stm32g4xx.c ****       pllvco = pllvco * ((RCC->PLLCFGR & RCC_PLLCFGR_PLLN) >> 8);
 243:Src/system_stm32g4xx.c ****       pllr = (((RCC->PLLCFGR & RCC_PLLCFGR_PLLR) >> 25) + 1U) * 2U;
 244:Src/system_stm32g4xx.c ****       SystemCoreClock = pllvco/pllr;
 245:Src/system_stm32g4xx.c ****       break;
 246:Src/system_stm32g4xx.c **** 
 247:Src/system_stm32g4xx.c ****     default:
 248:Src/system_stm32g4xx.c ****       break;
 249:Src/system_stm32g4xx.c ****   }
 250:Src/system_stm32g4xx.c ****   /* Compute HCLK clock frequency --------------------------------------------*/
 251:Src/system_stm32g4xx.c ****   /* Get HCLK prescaler */
 252:Src/system_stm32g4xx.c ****   tmp = AHBPrescTable[((RCC->CFGR & RCC_CFGR_HPRE) >> 4)];
  83              		.loc 1 252 3 is_stmt 1 view .LVU12
  84              		.loc 1 252 28 is_stmt 0 view .LVU13
  85 0014 194B     		ldr	r3, .L12
  86 0016 9B68     		ldr	r3, [r3, #8]
  87              		.loc 1 252 52 view .LVU14
  88 0018 C3F30313 		ubfx	r3, r3, #4, #4
  89              		.loc 1 252 22 view .LVU15
  90 001c 184A     		ldr	r2, .L12+4
  91 001e D15C     		ldrb	r1, [r2, r3]	@ zero_extendqisi2
  92              	.LVL0:
 253:Src/system_stm32g4xx.c ****   /* HCLK clock frequency */
ARM GAS  /tmp/ccm0Auo0.s 			page 7


 254:Src/system_stm32g4xx.c ****   SystemCoreClock >>= tmp;
  93              		.loc 1 254 3 is_stmt 1 view .LVU16
  94              		.loc 1 254 19 is_stmt 0 view .LVU17
  95 0020 184A     		ldr	r2, .L12+8
  96 0022 1368     		ldr	r3, [r2]
  97 0024 CB40     		lsrs	r3, r3, r1
  98 0026 1360     		str	r3, [r2]
 255:Src/system_stm32g4xx.c **** }
  99              		.loc 1 255 1 view .LVU18
 100 0028 7047     		bx	lr
 101              	.LVL1:
 102              	.L10:
 221:Src/system_stm32g4xx.c ****       break;
 103              		.loc 1 221 7 is_stmt 1 view .LVU19
 221:Src/system_stm32g4xx.c ****       break;
 104              		.loc 1 221 23 is_stmt 0 view .LVU20
 105 002a 164B     		ldr	r3, .L12+8
 106 002c 164A     		ldr	r2, .L12+12
 107 002e 1A60     		str	r2, [r3]
 222:Src/system_stm32g4xx.c **** 
 108              		.loc 1 222 7 is_stmt 1 view .LVU21
 109 0030 F0E7     		b	.L7
 110              	.L5:
 225:Src/system_stm32g4xx.c ****       break;
 111              		.loc 1 225 7 view .LVU22
 225:Src/system_stm32g4xx.c ****       break;
 112              		.loc 1 225 23 is_stmt 0 view .LVU23
 113 0032 144B     		ldr	r3, .L12+8
 114 0034 154A     		ldr	r2, .L12+16
 115 0036 1A60     		str	r2, [r3]
 226:Src/system_stm32g4xx.c **** 
 116              		.loc 1 226 7 is_stmt 1 view .LVU24
 117 0038 ECE7     		b	.L7
 118              	.L6:
 232:Src/system_stm32g4xx.c ****       pllm = ((RCC->PLLCFGR & RCC_PLLCFGR_PLLM) >> 4) + 1U ;
 119              		.loc 1 232 7 view .LVU25
 232:Src/system_stm32g4xx.c ****       pllm = ((RCC->PLLCFGR & RCC_PLLCFGR_PLLM) >> 4) + 1U ;
 120              		.loc 1 232 23 is_stmt 0 view .LVU26
 121 003a 104B     		ldr	r3, .L12
 122 003c DA68     		ldr	r2, [r3, #12]
 232:Src/system_stm32g4xx.c ****       pllm = ((RCC->PLLCFGR & RCC_PLLCFGR_PLLM) >> 4) + 1U ;
 123              		.loc 1 232 17 view .LVU27
 124 003e 02F00302 		and	r2, r2, #3
 125              	.LVL2:
 233:Src/system_stm32g4xx.c ****       if (pllsource == 0x02UL) /* HSI used as PLL clock source */
 126              		.loc 1 233 7 is_stmt 1 view .LVU28
 233:Src/system_stm32g4xx.c ****       if (pllsource == 0x02UL) /* HSI used as PLL clock source */
 127              		.loc 1 233 19 is_stmt 0 view .LVU29
 128 0042 DB68     		ldr	r3, [r3, #12]
 233:Src/system_stm32g4xx.c ****       if (pllsource == 0x02UL) /* HSI used as PLL clock source */
 129              		.loc 1 233 49 view .LVU30
 130 0044 C3F30313 		ubfx	r3, r3, #4, #4
 233:Src/system_stm32g4xx.c ****       if (pllsource == 0x02UL) /* HSI used as PLL clock source */
 131              		.loc 1 233 12 view .LVU31
 132 0048 0133     		adds	r3, r3, #1
 133              	.LVL3:
 234:Src/system_stm32g4xx.c ****       {
ARM GAS  /tmp/ccm0Auo0.s 			page 8


 134              		.loc 1 234 7 is_stmt 1 view .LVU32
 234:Src/system_stm32g4xx.c ****       {
 135              		.loc 1 234 10 is_stmt 0 view .LVU33
 136 004a 022A     		cmp	r2, #2
 137 004c 12D0     		beq	.L11
 240:Src/system_stm32g4xx.c ****       }
 138              		.loc 1 240 9 is_stmt 1 view .LVU34
 240:Src/system_stm32g4xx.c ****       }
 139              		.loc 1 240 16 is_stmt 0 view .LVU35
 140 004e 0F4A     		ldr	r2, .L12+16
 141              	.LVL4:
 240:Src/system_stm32g4xx.c ****       }
 142              		.loc 1 240 16 view .LVU36
 143 0050 B2FBF3F3 		udiv	r3, r2, r3
 144              	.LVL5:
 145              	.L9:
 242:Src/system_stm32g4xx.c ****       pllr = (((RCC->PLLCFGR & RCC_PLLCFGR_PLLR) >> 25) + 1U) * 2U;
 146              		.loc 1 242 7 is_stmt 1 view .LVU37
 242:Src/system_stm32g4xx.c ****       pllr = (((RCC->PLLCFGR & RCC_PLLCFGR_PLLR) >> 25) + 1U) * 2U;
 147              		.loc 1 242 30 is_stmt 0 view .LVU38
 148 0054 0949     		ldr	r1, .L12
 149 0056 CA68     		ldr	r2, [r1, #12]
 242:Src/system_stm32g4xx.c ****       pllr = (((RCC->PLLCFGR & RCC_PLLCFGR_PLLR) >> 25) + 1U) * 2U;
 150              		.loc 1 242 60 view .LVU39
 151 0058 C2F30622 		ubfx	r2, r2, #8, #7
 242:Src/system_stm32g4xx.c ****       pllr = (((RCC->PLLCFGR & RCC_PLLCFGR_PLLR) >> 25) + 1U) * 2U;
 152              		.loc 1 242 14 view .LVU40
 153 005c 03FB02F3 		mul	r3, r3, r2
 154              	.LVL6:
 243:Src/system_stm32g4xx.c ****       SystemCoreClock = pllvco/pllr;
 155              		.loc 1 243 7 is_stmt 1 view .LVU41
 243:Src/system_stm32g4xx.c ****       SystemCoreClock = pllvco/pllr;
 156              		.loc 1 243 20 is_stmt 0 view .LVU42
 157 0060 CA68     		ldr	r2, [r1, #12]
 243:Src/system_stm32g4xx.c ****       SystemCoreClock = pllvco/pllr;
 158              		.loc 1 243 50 view .LVU43
 159 0062 C2F34162 		ubfx	r2, r2, #25, #2
 243:Src/system_stm32g4xx.c ****       SystemCoreClock = pllvco/pllr;
 160              		.loc 1 243 57 view .LVU44
 161 0066 0132     		adds	r2, r2, #1
 243:Src/system_stm32g4xx.c ****       SystemCoreClock = pllvco/pllr;
 162              		.loc 1 243 12 view .LVU45
 163 0068 5200     		lsls	r2, r2, #1
 164              	.LVL7:
 244:Src/system_stm32g4xx.c ****       break;
 165              		.loc 1 244 7 is_stmt 1 view .LVU46
 244:Src/system_stm32g4xx.c ****       break;
 166              		.loc 1 244 31 is_stmt 0 view .LVU47
 167 006a B3FBF2F3 		udiv	r3, r3, r2
 168              	.LVL8:
 244:Src/system_stm32g4xx.c ****       break;
 169              		.loc 1 244 23 view .LVU48
 170 006e 054A     		ldr	r2, .L12+8
 171              	.LVL9:
 244:Src/system_stm32g4xx.c ****       break;
 172              		.loc 1 244 23 view .LVU49
 173 0070 1360     		str	r3, [r2]
ARM GAS  /tmp/ccm0Auo0.s 			page 9


 245:Src/system_stm32g4xx.c **** 
 174              		.loc 1 245 7 is_stmt 1 view .LVU50
 175 0072 CFE7     		b	.L7
 176              	.LVL10:
 177              	.L11:
 236:Src/system_stm32g4xx.c ****       }
 178              		.loc 1 236 9 view .LVU51
 236:Src/system_stm32g4xx.c ****       }
 179              		.loc 1 236 16 is_stmt 0 view .LVU52
 180 0074 044A     		ldr	r2, .L12+12
 181              	.LVL11:
 236:Src/system_stm32g4xx.c ****       }
 182              		.loc 1 236 16 view .LVU53
 183 0076 B2FBF3F3 		udiv	r3, r2, r3
 184              	.LVL12:
 236:Src/system_stm32g4xx.c ****       }
 185              		.loc 1 236 16 view .LVU54
 186 007a EBE7     		b	.L9
 187              	.L13:
 188              		.align	2
 189              	.L12:
 190 007c 00100240 		.word	1073876992
 191 0080 00000000 		.word	.LANCHOR1
 192 0084 00000000 		.word	.LANCHOR0
 193 0088 0024F400 		.word	16000000
 194 008c 00127A00 		.word	8000000
 195              		.cfi_endproc
 196              	.LFE163:
 198              		.global	APBPrescTable
 199              		.global	AHBPrescTable
 200              		.global	SystemCoreClock
 201              		.section	.data.SystemCoreClock,"aw"
 202              		.align	2
 203              		.set	.LANCHOR0,. + 0
 206              	SystemCoreClock:
 207 0000 0024F400 		.word	16000000
 208              		.section	.rodata.AHBPrescTable,"a"
 209              		.align	2
 210              		.set	.LANCHOR1,. + 0
 213              	AHBPrescTable:
 214 0000 00000000 		.ascii	"\000\000\000\000\000\000\000\000\001\002\003\004\006"
 214      00000000 
 214      01020304 
 214      06
 215 000d 070809   		.ascii	"\007\010\011"
 216              		.section	.rodata.APBPrescTable,"a"
 217              		.align	2
 220              	APBPrescTable:
 221 0000 00000000 		.ascii	"\000\000\000\000\001\002\003\004"
 221      01020304 
 222              		.text
 223              	.Letext0:
 224              		.file 2 "/usr/lib/gcc/arm-none-eabi/9.2.1/include/stdint.h"
 225              		.file 3 "Drivers/CMSIS/Include/core_cm4.h"
 226              		.file 4 "Drivers/CMSIS/Device/ST/STM32G4xx/Include/system_stm32g4xx.h"
 227              		.file 5 "Drivers/CMSIS/Device/ST/STM32G4xx/Include/stm32g474xx.h"
 228              		.file 6 "Drivers/STM32G4xx_HAL_Driver/Inc/stm32g4xx_hal_def.h"
ARM GAS  /tmp/ccm0Auo0.s 			page 10


 229              		.file 7 "Drivers/STM32G4xx_HAL_Driver/Inc/stm32g4xx_hal_flash.h"
 230              		.file 8 "Drivers/STM32G4xx_HAL_Driver/Inc/stm32g4xx_hal.h"
ARM GAS  /tmp/ccm0Auo0.s 			page 11


DEFINED SYMBOLS
                            *ABS*:0000000000000000 system_stm32g4xx.c
     /tmp/ccm0Auo0.s:18     .text.SystemInit:0000000000000000 $t
     /tmp/ccm0Auo0.s:26     .text.SystemInit:0000000000000000 SystemInit
     /tmp/ccm0Auo0.s:49     .text.SystemInit:0000000000000018 $d
     /tmp/ccm0Auo0.s:54     .text.SystemCoreClockUpdate:0000000000000000 $t
     /tmp/ccm0Auo0.s:61     .text.SystemCoreClockUpdate:0000000000000000 SystemCoreClockUpdate
     /tmp/ccm0Auo0.s:190    .text.SystemCoreClockUpdate:000000000000007c $d
     /tmp/ccm0Auo0.s:220    .rodata.APBPrescTable:0000000000000000 APBPrescTable
     /tmp/ccm0Auo0.s:213    .rodata.AHBPrescTable:0000000000000000 AHBPrescTable
     /tmp/ccm0Auo0.s:206    .data.SystemCoreClock:0000000000000000 SystemCoreClock
     /tmp/ccm0Auo0.s:202    .data.SystemCoreClock:0000000000000000 $d
     /tmp/ccm0Auo0.s:209    .rodata.AHBPrescTable:0000000000000000 $d
     /tmp/ccm0Auo0.s:217    .rodata.APBPrescTable:0000000000000000 $d

NO UNDEFINED SYMBOLS
